#
# A fatal error has been detected by the Java Runtime Environment:
#
#  EXCEPTION_ACCESS_VIOLATION (0xc0000005) at pc=0x00007ffa5122fd0c, pid=6372, tid=0x0000000000001bb0
#
# JRE version: Java(TM) SE Runtime Environment (8.0_121-b13) (build 1.8.0_121-b13)
# Java VM: Java HotSpot(TM) 64-Bit Server VM (25.121-b13 mixed mode windows-amd64 compressed oops)
# Problematic frame:
# C  [d3d9.dll+0xfd0c]
#
# Failed to write core dump. Minidumps are not enabled by default on client versions of Windows
#
# If you would like to submit a bug report, please visit:
#   http://bugreport.java.com/bugreport/crash.jsp
# The crash happened outside the Java Virtual Machine in native code.
# See problematic frame for where to report the bug.
#

---------------  T H R E A D  ---------------

Current thread (0x0000000019b67000):  JavaThread "AWT-Windows" daemon [_thread_in_native, id=7088, stack(0x000000001a380000,0x000000001a480000)]

siginfo: ExceptionCode=0xc0000005, writing address 0x0000000000000000

Registers:
RAX=0x0000000000000000, RBX=0x000000001a47dc60, RCX=0x00000000218e3400, RDX=0x000000001a47e470
RSP=0x000000001a47dbb8, RBP=0x000000001a47df50, RSI=0x0000000000000001, RDI=0x00000000218dd760
R8 =0x0000000000000000, R9 =0x0000000000000000, R10=0x00000000218e421c, R11=0x0000000000000246
R12=0x0000000000000001, R13=0x000000001a47e470, R14=0x0000000000000000, R15=0x0000000000000000
RIP=0x00007ffa5122fd0c, EFLAGS=0x0000000000010246

Top of Stack: (sp=0x000000001a47dbb8)
0x000000001a47dbb8:   00007ffa5123167f 000000001a47dc18
0x000000001a47dbc8:   000000001a47dc20 00000000000005b0
0x000000001a47dbd8:   0000000000010001 0000000000000000
0x000000001a47dbe8:   00000000218dd760 0000000000000000
0x000000001a47dbf8:   00007ffa512476a6 0000000000000000
0x000000001a47dc08:   0000000000000000 0000000000000001
0x000000001a47dc18:   0000000000000001 0000000000000000
0x000000001a47dc28:   0000000000000000 0000000000005c88
0x000000001a47dc38:   0000000000005c90 0000000000000000
0x000000001a47dc48:   000000001a47dc98 0000000000000000
0x000000001a47dc58:   000000000000001a 0000000000000000
0x000000001a47dc68:   0000000000000000 000000002347ecc0
0x000000001a47dc78:   00000000218e3400 0000000000000000
0x000000001a47dc88:   00000000013ea4f8 0000000000000000
0x000000001a47dc98:   0000000000000003 0000000000000000
0x000000001a47dca8:   0000000000000000 0000000000000048 

Instructions: (pc=0x00007ffa5122fd0c)
0x00007ffa5122fcec:   e9 10 fe ff ff cc cc cc cc cc cc cc cc cc cc cc
0x00007ffa5122fcfc:   cc cc cc cc ff 25 00 00 00 00 30 96 01 80 01 00
0x00007ffa5122fd0c:   00 00 5c 24 20 55 56 57 41 54 41 55 41 56 41 57
0x00007ffa5122fd1c:   48 8d 6c 24 c0 48 81 ec 40 01 00 00 48 8b 05 a9 


Register to memory mapping:

RAX=0x0000000000000000 is an unknown value
RBX=0x000000001a47dc60 is pointing into the stack for thread: 0x0000000019b67000
RCX=0x00000000218e3400 is an unknown value
RDX=0x000000001a47e470 is pointing into the stack for thread: 0x0000000019b67000
RSP=0x000000001a47dbb8 is pointing into the stack for thread: 0x0000000019b67000
RBP=0x000000001a47df50 is pointing into the stack for thread: 0x0000000019b67000
RSI=0x0000000000000001 is an unknown value
RDI=0x00000000218dd760 is an unknown value
R8 =0x0000000000000000 is an unknown value
R9 =0x0000000000000000 is an unknown value
R10=0x00000000218e421c is an unknown value
R11=0x0000000000000246 is an unknown value
R12=0x0000000000000001 is an unknown value
R13=0x000000001a47e470 is pointing into the stack for thread: 0x0000000019b67000
R14=0x0000000000000000 is an unknown value
R15=0x0000000000000000 is an unknown value


Stack: [0x000000001a380000,0x000000001a480000],  sp=0x000000001a47dbb8,  free space=1014k
Native frames: (J=compiled Java code, j=interpreted, Vv=VM code, C=native code)
C  [d3d9.dll+0xfd0c]
C  [d3d9.dll+0x1167f]
C  [d3d9.dll+0x276a6]
C  [d3d9.dll+0x2cb68]
C  [d3d9.dll+0x2a81e]
C  [awt.dll+0x19e3d]
C  [awt.dll+0x19f9b]
C  [awt.dll+0x1a94f]
C  [awt.dll+0x1e505]
C  [awt.dll+0x1b619]
C  0x0000000003277f74

Java frames: (J=compiled Java code, j=interpreted, Vv=VM code)
j  sun.java2d.d3d.D3DGraphicsDevice.getDeviceCapsNative(I)I+0
j  sun.java2d.d3d.D3DGraphicsDevice.access$000(I)I+1
j  sun.java2d.d3d.D3DGraphicsDevice$1.run()V+8
v  ~StubRoutines::call_stub
j  sun.awt.windows.WToolkit.eventLoop()V+0
j  sun.awt.windows.WToolkit.run()V+58
j  java.lang.Thread.run()V+11
v  ~StubRoutines::call_stub

---------------  P R O C E S S  ---------------

Java Threads: ( => current thread )
  0x00000000030a0800 JavaThread "DestroyJavaVM" [_thread_blocked, id=6968, stack(0x00000000017c0000,0x00000000018c0000)]
  0x0000000019b7b800 JavaThread "AWT-EventQueue-0" [_thread_in_native, id=1176, stack(0x000000001b570000,0x000000001b670000)]
=>0x0000000019b67000 JavaThread "AWT-Windows" daemon [_thread_in_native, id=7088, stack(0x000000001a380000,0x000000001a480000)]
  0x0000000019b64000 JavaThread "AWT-Shutdown" [_thread_blocked, id=6580, stack(0x000000001a280000,0x000000001a380000)]
  0x0000000019b62800 JavaThread "Java2D Disposer" daemon [_thread_blocked, id=13304, stack(0x000000001a180000,0x000000001a280000)]
  0x00000000197a1800 JavaThread "Service Thread" daemon [_thread_blocked, id=4076, stack(0x0000000019b80000,0x0000000019c80000)]
  0x0000000017e25000 JavaThread "C1 CompilerThread2" daemon [_thread_blocked, id=10244, stack(0x0000000019680000,0x0000000019780000)]
  0x0000000017e21800 JavaThread "C2 CompilerThread1" daemon [_thread_blocked, id=3172, stack(0x0000000019580000,0x0000000019680000)]
  0x0000000017e1d000 JavaThread "C2 CompilerThread0" daemon [_thread_blocked, id=12692, stack(0x0000000019480000,0x0000000019580000)]
  0x0000000017e1b800 JavaThread "Attach Listener" daemon [_thread_blocked, id=5244, stack(0x0000000019380000,0x0000000019480000)]
  0x0000000017e1a800 JavaThread "Signal Dispatcher" daemon [_thread_blocked, id=10080, stack(0x0000000019280000,0x0000000019380000)]
  0x000000000319a800 JavaThread "Finalizer" daemon [_thread_blocked, id=3292, stack(0x0000000019080000,0x0000000019180000)]
  0x000000000318f000 JavaThread "Reference Handler" daemon [_thread_blocked, id=13108, stack(0x0000000018f80000,0x0000000019080000)]

Other Threads:
  0x0000000017de7800 VMThread [stack: 0x0000000018e80000,0x0000000018f80000] [id=10948]
  0x00000000197e7800 WatcherThread [stack: 0x000000001a080000,0x000000001a180000] [id=2108]

VM state:not at safepoint (normal execution)

VM Mutex/Monitor currently owned by a thread: None

Heap:
 PSYoungGen      total 38400K, used 5991K [0x00000000d5900000, 0x00000000d8380000, 0x0000000100000000)
  eden space 33280K, 18% used [0x00000000d5900000,0x00000000d5ed9d68,0x00000000d7980000)
  from space 5120K, 0% used [0x00000000d7e80000,0x00000000d7e80000,0x00000000d8380000)
  to   space 5120K, 0% used [0x00000000d7980000,0x00000000d7980000,0x00000000d7e80000)
 ParOldGen       total 87552K, used 0K [0x0000000080a00000, 0x0000000085f80000, 0x00000000d5900000)
  object space 87552K, 0% used [0x0000000080a00000,0x0000000080a00000,0x0000000085f80000)
 Metaspace       used 8324K, capacity 8498K, committed 8576K, reserved 1056768K
  class space    used 1061K, capacity 1152K, committed 1152K, reserved 1048576K

Card table byte_map: [0x0000000012620000,0x0000000012a20000] byte_map_base: 0x000000001221b000

Marking Bits: (ParMarkBitMap*) 0x0000000057bcb6d0
 Begin Bits: [0x00000000130d0000, 0x00000000150a8000)
 End Bits:   [0x00000000150a8000, 0x0000000017080000)

Polling page: 0x00000000018c0000

CodeCache: size=245760Kb used=1662Kb max_used=1662Kb free=244097Kb
 bounds [0x0000000003260000, 0x00000000034d0000, 0x0000000012260000]
 total_blobs=676 nmethods=291 adapters=298
 compilation: enabled

Compilation events (10 events):
Event: 0.202 Thread 0x0000000017e25000  287       3       java.awt.geom.Dimension2D::<init> (5 bytes)
Event: 0.202 Thread 0x0000000017e25000 nmethod 287 0x00000000033fd3d0 code [0x00000000033fd520, 0x00000000033fd6d0]
Event: 0.202 Thread 0x0000000017e25000  288       3       javax.swing.plaf.nimbus.NimbusDefaults$LazyPainter::<init> (51 bytes)
Event: 0.202 Thread 0x0000000017e25000 nmethod 288 0x00000000033fd790 code [0x00000000033fd920, 0x00000000033fdcd8]
Event: 0.202 Thread 0x0000000017e25000  289       3       javax.swing.plaf.nimbus.AbstractRegionPainter$PaintContext::<init> (281 bytes)
Event: 0.203 Thread 0x0000000017e25000 nmethod 289 0x00000000033fde90 code [0x00000000033fe060, 0x00000000033fe768]
Event: 0.204 Thread 0x0000000017e25000  291       3       java.util.LinkedList$ListItr::hasNext (20 bytes)
Event: 0.204 Thread 0x0000000017e25000 nmethod 291 0x00000000033ff150 code [0x00000000033ff2a0, 0x00000000033ff450]
Event: 0.204 Thread 0x0000000017e25000  290       1       java.awt.Color::getRGB (5 bytes)
Event: 0.204 Thread 0x0000000017e25000 nmethod 290 0x00000000033ff510 code [0x00000000033ff660, 0x00000000033ff770]

GC Heap History (0 events):
No events

Deoptimization events (1 events):
Event: 0.158 Thread 0x00000000030a0800 Uncommon trap: reason=null_check action=make_not_entrant pc=0x00000000033cb1f8 method=java.lang.String.equals(Ljava/lang/Object;)Z @ 8

Internal exceptions (10 events):
Event: 0.194 Thread 0x00000000030a0800 Exception <a 'java/lang/ClassNotFoundException': ToolBar> (0x00000000d5d0ed88) thrown at [C:\re\workspace\8-2-build-windows-amd64-cygwin\jdk8u121\8372\hotspot\src\share\vm\classfile\systemDictionary.cpp, line 210]
Event: 0.194 Thread 0x00000000030a0800 Exception <a 'java/lang/ClassNotFoundException': ToggleButton> (0x00000000d5d0f338) thrown at [C:\re\workspace\8-2-build-windows-amd64-cygwin\jdk8u121\8372\hotspot\src\share\vm\classfile\systemDictionary.cpp, line 210]
Event: 0.194 Thread 0x00000000030a0800 Exception <a 'java/lang/ClassNotFoundException': javax/swing/JToolBarSeparator> (0x00000000d5d0f798) thrown at [C:\re\workspace\8-2-build-windows-amd64-cygwin\jdk8u121\8372\hotspot\src\share\vm\classfile\systemDictionary.cpp, line 210]
Event: 0.194 Thread 0x00000000030a0800 Exception <a 'java/lang/ClassNotFoundException': ToolBarSeparator> (0x00000000d5d0fc30) thrown at [C:\re\workspace\8-2-build-windows-amd64-cygwin\jdk8u121\8372\hotspot\src\share\vm\classfile\systemDictionary.cpp, line 210]
Event: 0.194 Thread 0x00000000030a0800 Exception <a 'java/lang/ClassNotFoundException': ToolTip> (0x00000000d5d10370) thrown at [C:\re\workspace\8-2-build-windows-amd64-cygwin\jdk8u121\8372\hotspot\src\share\vm\classfile\systemDictionary.cpp, line 210]
Event: 0.195 Thread 0x00000000030a0800 Exception <a 'java/lang/ClassNotFoundException': Tree> (0x00000000d5d10f90) thrown at [C:\re\workspace\8-2-build-windows-amd64-cygwin\jdk8u121\8372\hotspot\src\share\vm\classfile\systemDictionary.cpp, line 210]
Event: 0.195 Thread 0x00000000030a0800 Exception <a 'java/lang/ClassNotFoundException': Tree> (0x00000000d5d116d0) thrown at [C:\re\workspace\8-2-build-windows-amd64-cygwin\jdk8u121\8372\hotspot\src\share\vm\classfile\systemDictionary.cpp, line 210]
Event: 0.195 Thread 0x00000000030a0800 Exception <a 'java/lang/ClassNotFoundException': javax/swing/JTreeCell> (0x00000000d5d11a50) thrown at [C:\re\workspace\8-2-build-windows-amd64-cygwin\jdk8u121\8372\hotspot\src\share\vm\classfile\systemDictionary.cpp, line 210]
Event: 0.195 Thread 0x00000000030a0800 Exception <a 'java/lang/ClassNotFoundException': TreeCell> (0x00000000d5d11ed8) thrown at [C:\re\workspace\8-2-build-windows-amd64-cygwin\jdk8u121\8372\hotspot\src\share\vm\classfile\systemDictionary.cpp, line 210]
Event: 0.195 Thread 0x00000000030a0800 Exception <a 'java/lang/ClassNotFoundException': RootPane> (0x00000000d5d12938) thrown at [C:\re\workspace\8-2-build-windows-amd64-cygwin\jdk8u121\8372\hotspot\src\share\vm\classfile\systemDictionary.cpp, line 210]

Events (10 events):
Event: 0.231 loading class sun/java2d/pipe/RenderQueue done
Event: 0.231 loading class sun/java2d/d3d/D3DRenderQueue done
Event: 0.231 loading class sun/java2d/pipe/RenderBuffer
Event: 0.231 loading class sun/java2d/pipe/RenderBuffer done
Event: 0.231 loading class sun/java2d/d3d/D3DRenderQueue$1
Event: 0.231 loading class sun/java2d/d3d/D3DRenderQueue$1 done
Event: 0.231 loading class sun/java2d/d3d/D3DGraphicsDevice$1Result
Event: 0.231 loading class sun/java2d/d3d/D3DGraphicsDevice$1Result done
Event: 0.231 loading class sun/java2d/d3d/D3DGraphicsDevice$1
Event: 0.231 loading class sun/java2d/d3d/D3DGraphicsDevice$1 done


Dynamic libraries:
0x00007ff6b25c0000 - 0x00007ff6b25f7000 	C:\Program Files\Java\jdk1.8.0_121\jre\bin\java.exe
0x00007ffa763c0000 - 0x00007ffa7659b000 	C:\WINDOWS\SYSTEM32\ntdll.dll
0x00007ffa740e0000 - 0x00007ffa7418e000 	C:\WINDOWS\System32\KERNEL32.DLL
0x00007ffa73610000 - 0x00007ffa73859000 	C:\WINDOWS\System32\KERNELBASE.dll
0x00007ffa75f00000 - 0x00007ffa75fa1000 	C:\WINDOWS\System32\ADVAPI32.dll
0x00007ffa762b0000 - 0x00007ffa7634d000 	C:\WINDOWS\System32\msvcrt.dll
0x00007ffa73d80000 - 0x00007ffa73dd9000 	C:\WINDOWS\System32\sechost.dll
0x00007ffa73f10000 - 0x00007ffa74035000 	C:\WINDOWS\System32\RPCRT4.dll
0x00007ffa74190000 - 0x00007ffa742da000 	C:\WINDOWS\System32\USER32.dll
0x00007ffa72d60000 - 0x00007ffa72d7e000 	C:\WINDOWS\System32\win32u.dll
0x00007ffa73ee0000 - 0x00007ffa73f07000 	C:\WINDOWS\System32\GDI32.dll
0x00007ffa73480000 - 0x00007ffa73609000 	C:\WINDOWS\System32\gdi32full.dll
0x00007ffa729f0000 - 0x00007ffa72a8a000 	C:\WINDOWS\System32\msvcp_win.dll
0x00007ffa72a90000 - 0x00007ffa72b86000 	C:\WINDOWS\System32\ucrtbase.dll
0x00007ffa64bf0000 - 0x00007ffa64e57000 	C:\WINDOWS\WinSxS\amd64_microsoft.windows.common-controls_6595b64144ccf1df_6.0.15063.0_none_108e4f62dfe5d999\COMCTL32.dll
0x00007ffa75fb0000 - 0x00007ffa762a9000 	C:\WINDOWS\System32\combase.dll
0x00007ffa73860000 - 0x00007ffa738ca000 	C:\WINDOWS\System32\bcryptPrimitives.dll
0x00007ffa73ea0000 - 0x00007ffa73ecd000 	C:\WINDOWS\System32\IMM32.DLL
0x00000000572d0000 - 0x00000000573a2000 	C:\Program Files\Java\jdk1.8.0_121\jre\bin\msvcr100.dll
0x00000000573b0000 - 0x0000000057c4b000 	C:\Program Files\Java\jdk1.8.0_121\jre\bin\server\jvm.dll
0x00007ffa74300000 - 0x00007ffa74308000 	C:\WINDOWS\System32\PSAPI.DLL
0x00007ffa69090000 - 0x00007ffa69099000 	C:\WINDOWS\SYSTEM32\WSOCK32.dll
0x00007ffa68e40000 - 0x00007ffa68e63000 	C:\WINDOWS\SYSTEM32\WINMM.dll
0x00007ffa76350000 - 0x00007ffa763bc000 	C:\WINDOWS\System32\WS2_32.dll
0x00007ffa6ef70000 - 0x00007ffa6ef7a000 	C:\WINDOWS\SYSTEM32\VERSION.dll
0x00007ffa69b20000 - 0x00007ffa69b4b000 	C:\WINDOWS\SYSTEM32\WINMMBASE.dll
0x00007ffa738d0000 - 0x00007ffa73919000 	C:\WINDOWS\System32\cfgmgr32.dll
0x0000000057280000 - 0x000000005728f000 	C:\Program Files\Java\jdk1.8.0_121\jre\bin\verify.dll
0x0000000057250000 - 0x0000000057279000 	C:\Program Files\Java\jdk1.8.0_121\jre\bin\java.dll
0x0000000057230000 - 0x0000000057246000 	C:\Program Files\Java\jdk1.8.0_121\jre\bin\zip.dll
0x00007ffa749a0000 - 0x00007ffa75dd7000 	C:\WINDOWS\System32\SHELL32.dll
0x00007ffa74310000 - 0x00007ffa743ba000 	C:\WINDOWS\System32\shcore.dll
0x00007ffa72d80000 - 0x00007ffa73472000 	C:\WINDOWS\System32\windows.storage.dll
0x00007ffa73de0000 - 0x00007ffa73e31000 	C:\WINDOWS\System32\shlwapi.dll
0x00007ffa728c0000 - 0x00007ffa728d1000 	C:\WINDOWS\System32\kernel.appcore.dll
0x00007ffa72850000 - 0x00007ffa7289c000 	C:\WINDOWS\System32\powrprof.dll
0x00007ffa72830000 - 0x00007ffa72845000 	C:\WINDOWS\System32\profapi.dll
0x0000000057050000 - 0x00000000571e8000 	C:\Program Files\Java\jdk1.8.0_121\jre\bin\awt.dll
0x00007ffa75e40000 - 0x00007ffa75eff000 	C:\WINDOWS\System32\OLEAUT32.dll
0x00007ffa70ef0000 - 0x00007ffa70f6e000 	C:\WINDOWS\SYSTEM32\apphelp.dll
0x00007ffa71050000 - 0x00007ffa710e5000 	C:\WINDOWS\system32\uxtheme.dll
0x00007ffa73ac0000 - 0x00007ffa73c26000 	C:\WINDOWS\System32\MSCTF.dll
0x0000000180000000 - 0x0000000180037000 	C:\Program Files (x86)\RivaTuner Statistics Server\RTSSHooks64.dll
0x0000000056f00000 - 0x0000000056fa3000 	C:\WINDOWS\WinSxS\amd64_microsoft.vc90.crt_1fc8b3b9a1e18e3b_9.0.30729.9279_none_08e667efa83ba076\MSVCR90.dll
0x00007ffa68ec0000 - 0x00007ffa68eea000 	C:\WINDOWS\system32\dwmapi.dll
0x00007ffa73c30000 - 0x00007ffa73d74000 	C:\WINDOWS\System32\ole32.dll
0x0000000057000000 - 0x0000000057047000 	C:\Program Files\Java\jdk1.8.0_121\jre\bin\fontmanager.dll
0x00007ffa4f680000 - 0x00007ffa4f7a1000 	C:\WINDOWS\system32\opengl32.dll
0x00007ffa64930000 - 0x00007ffa6495c000 	C:\WINDOWS\SYSTEM32\GLU32.dll
0x00007ffa51220000 - 0x00007ffa513a9000 	C:\WINDOWS\system32\d3d9.dll
0x00007ffa678f0000 - 0x00007ffa679cf000 	C:\WINDOWS\System32\DriverStore\FileRepository\nv_dispi.inf_amd64_e69a53b8ddde469c\nvldumdx.dll
0x00007ffa72b90000 - 0x00007ffa72d59000 	C:\WINDOWS\System32\crypt32.dll
0x00007ffa728a0000 - 0x00007ffa728b1000 	C:\WINDOWS\System32\MSASN1.dll
0x00007ffa72990000 - 0x00007ffa729e6000 	C:\WINDOWS\System32\WINTRUST.DLL
0x00007ffa742e0000 - 0x00007ffa742fd000 	C:\WINDOWS\System32\imagehlp.dll
0x00007ffa72280000 - 0x00007ffa72297000 	C:\WINDOWS\SYSTEM32\CRYPTSP.dll
0x00007ffa71d00000 - 0x00007ffa71d34000 	C:\WINDOWS\system32\rsaenh.dll
0x00007ffa72700000 - 0x00007ffa72725000 	C:\WINDOWS\SYSTEM32\bcrypt.dll
0x00007ffa722a0000 - 0x00007ffa722ab000 	C:\WINDOWS\SYSTEM32\CRYPTBASE.dll
0x00007ffa492b0000 - 0x00007ffa4a2c4000 	C:\WINDOWS\System32\DriverStore\FileRepository\nv_dispi.inf_amd64_e69a53b8ddde469c\nvd3dumx.dll
0x00007ffa665b0000 - 0x00007ffa66781000 	C:\WINDOWS\system32\nvspcap64.dll
0x00007ffa74450000 - 0x00007ffa7488b000 	C:\WINDOWS\System32\SETUPAPI.dll
0x00007ffa6c3d0000 - 0x00007ffa6c4a7000 	C:\WINDOWS\SYSTEM32\WINHTTP.dll
0x00007ffa6fb10000 - 0x00007ffa6fb23000 	C:\WINDOWS\SYSTEM32\WTSAPI32.dll
0x00007ffa66830000 - 0x00007ffa66c4f000 	C:\WINDOWS\system32\nvapi64.dll
0x00007ffa71650000 - 0x00007ffa716f4000 	C:\WINDOWS\SYSTEM32\dxgi.dll
0x00007ffa71110000 - 0x00007ffa71138000 	C:\WINDOWS\SYSTEM32\DEVOBJ.dll
0x00007ffa61dc0000 - 0x00007ffa61ea7000 	C:\Program Files (x86)\NVIDIA Corporation\3D Vision\nvSCPAPI64.dll
0x00007ffa69440000 - 0x00007ffa695e9000 	C:\WINDOWS\SYSTEM32\dbghelp.dll

VM Arguments:
jvm_args: -Dfile.encoding=UTF-8 
java_command: principal.FLogin
java_class_path (initial): C:\Users\paulo\Documents\NetBeansProjects\Equipamentos\mysql-connector-java-5.1.29-bin.jar;C:\Program Files\NetBeans 8.2\java\modules\ext\AbsoluteLayout.jar;C:\Users\paulo\Documents\NetBeansProjects\Equipamentos\build\classes
Launcher Type: SUN_STANDARD

Environment Variables:
PATH=C:\ProgramData\Oracle\Java\javapath;C:\Windows\system32;C:\Windows;C:\Windows\System32\Wbem;C:\Windows\System32\WindowsPowerShell\v1.0\;C:\Program Files (x86)\NVIDIA Corporation\PhysX\Common;C:\Program Files (x86)\Skype\Phone\;C:\WINDOWS\system32;C:\WINDOWS;C:\WINDOWS\System32\Wbem;C:\WINDOWS\System32\WindowsPowerShell\v1.0\;C:\ProgramData\Oracle\Java\javapath;C:\Windows\system32;C:\Windows;C:\Windows\System32\Wbem;C:\Windows\System32\WindowsPowerShell\v1.0\;C:\Program Files (x86)\NVIDIA Corporation\PhysX\Common;C:\Program Files (x86)\Skype\Phone\;C:\Users\paulo\AppData\Local\Microsoft\WindowsApps;C:\Users\paulo\AppData\Local\Microsoft\WindowsApps;
USERNAME=paulo
OS=Windows_NT
PROCESSOR_IDENTIFIER=Intel64 Family 6 Model 94 Stepping 3, GenuineIntel



---------------  S Y S T E M  ---------------

OS: Windows 10.0 , 64 bit Build 15063 (10.0.15063.0)

CPU:total 4 (4 cores per cpu, 1 threads per core) family 6 model 94 stepping 3, cmov, cx8, fxsr, mmx, sse, sse2, sse3, ssse3, sse4.1, sse4.2, popcnt, avx, avx2, aes, clmul, erms, 3dnowpref, lzcnt, tsc, tscinvbit, bmi1, bmi2, adx

Memory: 4k page, physical 8339656k(4449488k free), swap 11810384k(6977448k free)

vm_info: Java HotSpot(TM) 64-Bit Server VM (25.121-b13) for windows-amd64 JRE (1.8.0_121-b13), built on Dec 12 2016 18:21:36 by "java_re" with MS VC++ 10.0 (VS2010)

time: Wed Apr 19 23:11:21 2017
elapsed time: 0 seconds (0d 0h 0m 0s)

